<?xml version="1.0" encoding="UTF-8"?>
<!-- Generated by org.testng.reporters.JUnitReportReporter -->
<testsuite hostname="dipaliga01" failures="0" tests="2" name="Intro.test2" time="0.014" errors="0" timestamp="2025-06-10T14:47:21 EEST" skipped="0">
  <testcase classname="Intro.test2" name="bMobileLoginCarLoan" time="0.012"/>
  <testcase classname="Intro.test2" name="cLoginAPIcarLoan" time="0.002"/>
</testsuite> <!-- Intro.test2 -->
